MPASM  5.42             RIPPLECOUNTERTMR1.ASM   5-3-2018  17:59:47         PAGE  1


LOC  OBJECT CODE     LINE SOURCE TEXT
  VALUE

                      00001 ;**********************************************************************
                      00002 ;   This file is a basic code template for assembly code generation   *
                      00003 ;   on the PIC16F690. This file contains the basic code               *
                      00004 ;   building blocks to build upon.                                    *  
                      00005 ;                                                                     *
                      00006 ;   Refer to the MPASM User's Guide for additional information on     *
                      00007 ;   features of the assembler (Document DS33014).                     *
                      00008 ;                                                                     *
                      00009 ;   Refer to the respective PIC data sheet for additional             *
                      00010 ;   information on the instruction set.                               *
                      00011 ;                                                                     *
                      00012 ;**********************************************************************
                      00013 ;                                                                     *
                      00014 ;    Filename:      xxx.asm                                           *
                      00015 ;    Date:                                                            *
                      00016 ;    File Version:                                                    *
                      00017 ;                                                                     *
                      00018 ;    Author:                                                          *
                      00019 ;    Company:                                                         *
                      00020 ;                                                                     * 
                      00021 ;                                                                     *
                      00022 ;**********************************************************************
                      00023 ;                                                                     *
                      00024 ;    Files Required: P16F690.INC                                      *
                      00025 ;                                                                     *
                      00026 ;**********************************************************************
                      00027 ;                                                                     *
                      00028 ;    Notes:                                                           *
                      00029 ;                                                                     *
                      00030 ;**********************************************************************
                      00031 
                      00032 
                      00033         list            p=16f690                ; list directive to define processor
                      00034         #include        <P16F690.inc>           ; processor specific variable definitions
                      00001         LIST
                      00002 
                      00003 ;==========================================================================
                      00004 ;  MPASM PIC16F690 processor include
                      00005 ; 
                      00006 ;  (c) Copyright 1999-2011 Microchip Technology, All rights reserved
                      00007 ;==========================================================================
                      00008 
                      00739         LIST
                      00035         
2007   30E4           00036         __CONFIG    _CP_OFF & _CPD_OFF & _BOR_OFF & _PWRTE_ON & _WDT_OFF & _INTRC_OSC_NOCLKOUT & _MCLRE_
                            ON & _FCMEN_OFF & _IESO_OFF
                      00037 
                      00038 
                      00039 ; '__CONFIG' directive is used to embed configuration data within .asm file.
                      00040 ; The labels following the directive are located in the respective .inc file.
                      00041 ; See respective data sheet for additional information on configuration word.
                      00042 
                      00043 
MPASM  5.42             RIPPLECOUNTERTMR1.ASM   5-3-2018  17:59:47         PAGE  2


LOC  OBJECT CODE     LINE SOURCE TEXT
  VALUE

                      00044 
                      00045 
                      00046 
                      00047 
                      00048 ;***** VARIABLE DEFINITIONS
  0000007D            00049 w_temp          EQU     0x7D                    ; variable used for context saving
  0000007E            00050 status_temp     EQU     0x7E                    ; variable used for context saving
  0000007F            00051 pclath_temp     EQU     0x7F                    ; variable used for context saving
                      00052 
  00000020            00053 A_reg           EQU 0x20
  00000021            00054 B_reg           EQU 0x21
  00000022            00055 C_reg           EQU 0x22
  00000023            00056 count           EQU 0x23
  00000024            00057 setinel         EQU 0x24
                      00058 
                      00059 ;**********************************************************************
0000                  00060         ORG                     0x000                   ; processor reset vector
0000   281B           00061         goto            main                    ; go to beginning of program
                      00062 
                      00063 
0004                  00064         ORG                     0x004                   ; interrupt vector location
0004   00FD           00065         movwf           w_temp                  ; save off current W register contents
0005   0803           00066         movf            STATUS,w                ; move status register into W register
0006   00FE           00067         movwf           status_temp             ; save off contents of STATUS register
0007   080A           00068         movf            PCLATH,w                ; move pclath register into W register
0008   00FF           00069         movwf           pclath_temp             ; save off contents of PCLATH register
                      00070 
                      00071 
                      00072 ; isr code can go here or be located as a call subroutine elsewhere
Warning[203]: Found opcode in column 1. (nop)
0009   0000           00073 nop
Message[305]: Using default destination of 1 (file).
000A   0AA3           00074         incf            count
000B   300A           00075         movlw           .10
000C   0223           00076         subwf           count,w
000D   1D03           00077         btfss           STATUS,Z
000E   2811           00078         goto            skip1
000F   01A3           00079         clrf            count
0010   1424           00080         bsf                     setinel,0
                      00081 
0011                  00082 skip1
0011   303D           00083         movlw           .61
0012   0081           00084         movwf           TMR0
                      00085 
0013   110B           00086         bcf                     INTCON,T0IF
                      00087 
0014   087F           00088         movf            pclath_temp,w           ; retrieve copy of PCLATH register
0015   008A           00089         movwf           PCLATH                  ; restore pre-isr PCLATH register contents      
0016   087E           00090         movf            status_temp,w           ; retrieve copy of STATUS register
0017   0083           00091         movwf           STATUS                  ; restore pre-isr STATUS register contents
0018   0EFD           00092         swapf           w_temp,f
0019   0E7D           00093         swapf           w_temp,w                ; restore pre-isr W register contents
001A   0009           00094         retfie                                  ; return from interrupt
MPASM  5.42             RIPPLECOUNTERTMR1.ASM   5-3-2018  17:59:47         PAGE  3


LOC  OBJECT CODE     LINE SOURCE TEXT
  VALUE

                      00095 
                      00096 
001B                  00097 main
                      00098 
001B   1683 1303      00099         banksel         TRISC
Message[302]: Register in operand not in bank 0.  Ensure that bank bits are correct.
001D   0187           00100         clrf            TRISC
                      00101 
Message[302]: Register in operand not in bank 0.  Ensure that bank bits are correct.
001E   019E           00102         clrf            ANSEL
001F   1283 1303      00103         banksel         PORTC
0021   1683 1303      00104         banksel         OPTION_REG
0023   3007           00105         movlw           0x07                    ;0b00000111
Message[302]: Register in operand not in bank 0.  Ensure that bank bits are correct.
0024   0081           00106         movwf           OPTION_REG
0025   1283 1303      00107         banksel         INTCON
0027   30A0           00108         movlw           0xA0                    ;0b10100000
0028   008B           00109         movwf           INTCON
0029   1283 1303      00110         banksel         PORTC
002B   303C           00111         movlw           .60
002C   0081           00112         movwf           TMR0
002D   1407           00113         bsf                     PORTC,0
                      00114 
                      00115 
                      00116         
                      00117 
002E                  00118 again
002E   1003           00119         bcf                     STATUS,C
002F   1C24           00120         btfss           setinel,0
0030   282E           00121         goto            again
                      00122 
Message[305]: Using default destination of 1 (file).
0031   0D87           00123         rlf                     PORTC
0032   1C03           00124         btfss           STATUS,C
0033   2836           00125         goto            skip2   
0034   1003           00126         bcf                     STATUS,C
0035   1407           00127         bsf                     PORTC,0
                      00128 
0036                  00129 skip2
0036   1024           00130         bcf                     setinel,0
                      00131 
                      00132 
                      00133 
                      00134 
                      00135 
                      00136 
2100                  00137         ORG     0x2100                          ; data EEPROM location
2100   0001 0002 0003 00138         DE      1,2,3,4                         ; define first four EEPROM locations as 1, 2, 3, and 4
       0004 
                      00139 
                      00140 
                      00141 
                      00142 
MPASM  5.42             RIPPLECOUNTERTMR1.ASM   5-3-2018  17:59:47         PAGE  4


LOC  OBJECT CODE     LINE SOURCE TEXT
  VALUE

                      00143         END                       ; directive 'end of program'
MPASM  5.42             RIPPLECOUNTERTMR1.ASM   5-3-2018  17:59:47         PAGE  5


SYMBOL TABLE
  LABEL                             VALUE 

ABDEN                             00000000
ABDOVF                            00000007
ADCON0                            0000001F
ADCON1                            0000009F
ADCS0                             00000004
ADCS1                             00000005
ADCS2                             00000006
ADDEN                             00000003
ADFM                              00000007
ADIE                              00000006
ADIF                              00000006
ADON                              00000000
ADRESH                            0000001E
ADRESL                            0000009E
ANS0                              00000000
ANS1                              00000001
ANS10                             00000002
ANS11                             00000003
ANS2                              00000002
ANS3                              00000003
ANS4                              00000004
ANS5                              00000005
ANS6                              00000006
ANS7                              00000007
ANS8                              00000000
ANS9                              00000001
ANSEL                             0000011E
ANSELH                            0000011F
A_reg                             00000020
BAUDCTL                           0000009B
BF                                00000000
BRG0                              00000000
BRG1                              00000001
BRG10                             00000002
BRG11                             00000003
BRG12                             00000004
BRG13                             00000005
BRG14                             00000006
BRG15                             00000007
BRG16                             00000003
BRG2                              00000002
BRG3                              00000003
BRG4                              00000004
BRG5                              00000005
BRG6                              00000006
BRG7                              00000007
BRG8                              00000000
BRG9                              00000001
BRGH                              00000002
B_reg                             00000021
C                                 00000000
C1CH0                             00000000
C1CH1                             00000001
MPASM  5.42             RIPPLECOUNTERTMR1.ASM   5-3-2018  17:59:47         PAGE  6


SYMBOL TABLE
  LABEL                             VALUE 

C1IE                              00000005
C1IF                              00000005
C1OE                              00000005
C1ON                              00000007
C1OUT                             00000006
C1POL                             00000004
C1R                               00000002
C1SEN                             00000005
C1VREN                            00000007
C2CH0                             00000000
C2CH1                             00000001
C2IE                              00000006
C2IF                              00000006
C2OE                              00000005
C2ON                              00000007
C2OUT                             00000006
C2POL                             00000004
C2R                               00000002
C2REN                             00000004
C2SYNC                            00000000
C2VREN                            00000006
CCP1CON                           00000017
CCP1IE                            00000002
CCP1IF                            00000002
CCP1M0                            00000000
CCP1M1                            00000001
CCP1M2                            00000002
CCP1M3                            00000003
CCPR1H                            00000016
CCPR1L                            00000015
CHS0                              00000002
CHS1                              00000003
CHS2                              00000004
CHS3                              00000005
CKE                               00000006
CKP                               00000004
CM1CON0                           00000119
CM2CON0                           0000011A
CM2CON1                           0000011B
CREN                              00000004
CSRC                              00000007
C_reg                             00000022
D                                 00000005
DATA_ADDRESS                      00000005
DC                                00000001
DC1B0                             00000004
DC1B1                             00000005
D_A                               00000005
D_NOT_A                           00000005
ECCPAS                            0000001D
ECCPAS0                           00000004
ECCPAS1                           00000005
ECCPAS2                           00000006
MPASM  5.42             RIPPLECOUNTERTMR1.ASM   5-3-2018  17:59:47         PAGE  7


SYMBOL TABLE
  LABEL                             VALUE 

ECCPASE                           00000007
EEADR                             0000010D
EEADRH                            0000010F
EECON1                            0000018C
EECON2                            0000018D
EEDAT                             0000010C
EEDATA                            0000010C
EEDATH                            0000010E
EEIE                              00000004
EEIF                              00000004
EEPGD                             00000007
F                                 00000001
FERR                              00000002
FSR                               00000004
GIE                               00000007
GO                                00000001
GO_DONE                           00000001
GO_NOT_DONE                       00000001
HTS                               00000002
I2C_DATA                          00000005
I2C_READ                          00000002
I2C_START                         00000003
I2C_STOP                          00000004
INDF                              00000000
INTCON                            0000000B
INTE                              00000004
INTEDG                            00000006
INTF                              00000001
IOC                               00000096
IOC0                              00000000
IOC1                              00000001
IOC2                              00000002
IOC3                              00000003
IOC4                              00000004
IOC5                              00000005
IOCA                              00000096
IOCA0                             00000000
IOCA1                             00000001
IOCA2                             00000002
IOCA3                             00000003
IOCA4                             00000004
IOCA5                             00000005
IOCB                              00000116
IOCB4                             00000004
IOCB5                             00000005
IOCB6                             00000006
IOCB7                             00000007
IRCF0                             00000004
IRCF1                             00000005
IRCF2                             00000006
IRP                               00000007
LTS                               00000001
MC1OUT                            00000007
MPASM  5.42             RIPPLECOUNTERTMR1.ASM   5-3-2018  17:59:47         PAGE  8


SYMBOL TABLE
  LABEL                             VALUE 

MC2OUT                            00000006
MSK                               00000093
MSK0                              00000000
MSK1                              00000001
MSK2                              00000002
MSK3                              00000003
MSK4                              00000004
MSK5                              00000005
MSK6                              00000006
MSK7                              00000007
NOT_A                             00000005
NOT_ADDRESS                       00000005
NOT_BOR                           00000000
NOT_DONE                          00000001
NOT_PD                            00000003
NOT_POR                           00000001
NOT_RABPU                         00000007
NOT_T1SYNC                        00000002
NOT_TO                            00000004
NOT_W                             00000002
NOT_WRITE                         00000002
OERR                              00000001
OPTION_REG                        00000081
OSCCON                            0000008F
OSCTUNE                           00000090
OSFIE                             00000007
OSFIF                             00000007
OSTS                              00000003
P                                 00000004
P1M0                              00000006
P1M1                              00000007
PCL                               00000002
PCLATH                            0000000A
PCON                              0000008E
PDC0                              00000000
PDC1                              00000001
PDC2                              00000002
PDC3                              00000003
PDC4                              00000004
PDC5                              00000005
PDC6                              00000006
PEIE                              00000006
PIE1                              0000008C
PIE2                              0000008D
PIR1                              0000000C
PIR2                              0000000D
PORTA                             00000005
PORTB                             00000006
PORTC                             00000007
PR2                               00000092
PRSEN                             00000007
PS0                               00000000
PS1                               00000001
MPASM  5.42             RIPPLECOUNTERTMR1.ASM   5-3-2018  17:59:47         PAGE  9


SYMBOL TABLE
  LABEL                             VALUE 

PS2                               00000002
PSA                               00000003
PSSAC0                            00000002
PSSAC1                            00000003
PSSBD0                            00000000
PSSBD1                            00000001
PSTRCON                           0000019D
PULSR                             00000002
PULSS                             00000003
PWM1CON                           0000001C
R                                 00000002
RA0                               00000000
RA1                               00000001
RA2                               00000002
RA3                               00000003
RA4                               00000004
RA5                               00000005
RABIE                             00000003
RABIF                             00000000
RB4                               00000004
RB5                               00000005
RB6                               00000006
RB7                               00000007
RC0                               00000000
RC1                               00000001
RC2                               00000002
RC3                               00000003
RC4                               00000004
RC5                               00000005
RC6                               00000006
RC7                               00000007
RCIDL                             00000006
RCIE                              00000005
RCIF                              00000005
RCREG                             0000001A
RCSTA                             00000018
RD                                00000000
READ_WRITE                        00000002
RP0                               00000005
RP1                               00000006
RX9                               00000006
RX9D                              00000000
R_NOT_W                           00000002
R_W                               00000002
S                                 00000003
SBOREN                            00000004
SCKP                              00000004
SCS                               00000000
SENB                              00000003
SENDB                             00000003
SMP                               00000007
SPBRG                             00000099
SPBRGH                            0000009A
MPASM  5.42             RIPPLECOUNTERTMR1.ASM   5-3-2018  17:59:47         PAGE 10


SYMBOL TABLE
  LABEL                             VALUE 

SPEN                              00000007
SR0                               00000006
SR1                               00000007
SRCON                             0000019E
SREN                              00000005
SSPADD                            00000093
SSPBUF                            00000013
SSPCON                            00000014
SSPEN                             00000005
SSPIE                             00000003
SSPIF                             00000003
SSPM0                             00000000
SSPM1                             00000001
SSPM2                             00000002
SSPM3                             00000003
SSPMSK                            00000093
SSPOV                             00000006
SSPSTAT                           00000094
STATUS                            00000003
STRA                              00000000
STRB                              00000001
STRC                              00000002
STRD                              00000003
STRSYNC                           00000004
SWDTEN                            00000000
SYNC                              00000004
T0CS                              00000005
T0IE                              00000005
T0IF                              00000002
T0SE                              00000004
T1CKPS0                           00000004
T1CKPS1                           00000005
T1CON                             00000010
T1GINV                            00000007
T1GSS                             00000001
T1IE                              00000000
T1IF                              00000000
T1OSCEN                           00000003
T2CKPS0                           00000000
T2CKPS1                           00000001
T2CON                             00000012
T2IE                              00000001
T2IF                              00000001
TMR0                              00000001
TMR1CS                            00000001
TMR1GE                            00000006
TMR1H                             0000000F
TMR1IE                            00000000
TMR1IF                            00000000
TMR1L                             0000000E
TMR1ON                            00000000
TMR2                              00000011
TMR2IE                            00000001
MPASM  5.42             RIPPLECOUNTERTMR1.ASM   5-3-2018  17:59:47         PAGE 11


SYMBOL TABLE
  LABEL                             VALUE 

TMR2IF                            00000001
TMR2ON                            00000002
TOUTPS0                           00000003
TOUTPS1                           00000004
TOUTPS2                           00000005
TOUTPS3                           00000006
TRISA                             00000085
TRISA0                            00000000
TRISA1                            00000001
TRISA2                            00000002
TRISA3                            00000003
TRISA4                            00000004
TRISA5                            00000005
TRISB                             00000086
TRISB4                            00000004
TRISB5                            00000005
TRISB6                            00000006
TRISB7                            00000007
TRISC                             00000087
TRISC0                            00000000
TRISC1                            00000001
TRISC2                            00000002
TRISC3                            00000003
TRISC4                            00000004
TRISC5                            00000005
TRISC6                            00000006
TRISC7                            00000007
TRMT                              00000001
TUN0                              00000000
TUN1                              00000001
TUN2                              00000002
TUN3                              00000003
TUN4                              00000004
TX9                               00000006
TX9D                              00000000
TXEN                              00000005
TXIE                              00000004
TXIF                              00000004
TXREG                             00000019
TXSTA                             00000098
UA                                00000001
ULPWUE                            00000005
VCFG                              00000006
VP6EN                             00000004
VR0                               00000000
VR1                               00000001
VR2                               00000002
VR3                               00000003
VRCON                             00000118
VRR                               00000005
W                                 00000000
WCOL                              00000007
WDTCON                            00000097
MPASM  5.42             RIPPLECOUNTERTMR1.ASM   5-3-2018  17:59:47         PAGE 12


SYMBOL TABLE
  LABEL                             VALUE 

WDTPS0                            00000001
WDTPS1                            00000002
WDTPS2                            00000003
WDTPS3                            00000004
WPU                               00000095
WPU0                              00000000
WPU1                              00000001
WPU2                              00000002
WPU4                              00000004
WPU5                              00000005
WPUA                              00000095
WPUA0                             00000000
WPUA1                             00000001
WPUA2                             00000002
WPUA4                             00000004
WPUA5                             00000005
WPUB                              00000115
WPUB4                             00000004
WPUB5                             00000005
WPUB6                             00000006
WPUB7                             00000007
WR                                00000001
WREN                              00000002
WRERR                             00000003
WUE                               00000001
Z                                 00000002
_BOD_NSLEEP                       00003EFF
_BOD_OFF                          00003CFF
_BOD_ON                           00003FFF
_BOD_SBODEN                       00003DFF
_BOR_NSLEEP                       00003EFF
_BOR_OFF                          00003CFF
_BOR_ON                           00003FFF
_BOR_SBODEN                       00003DFF
_CONFIG                           00002007
_CPD_OFF                          00003FFF
_CPD_ON                           00003F7F
_CP_OFF                           00003FFF
_CP_ON                            00003FBF
_DEVID1                           00002006
_EC_OSC                           00003FFB
_EXTRC                            00003FFF
_EXTRCIO                          00003FFE
_EXTRC_OSC_CLKOUT                 00003FFF
_EXTRC_OSC_NOCLKOUT               00003FFE
_FCMEN_OFF                        000037FF
_FCMEN_ON                         00003FFF
_HS_OSC                           00003FFA
_IDLOC0                           00002000
_IDLOC1                           00002001
_IDLOC2                           00002002
_IDLOC3                           00002003
_IESO_OFF                         00003BFF
MPASM  5.42             RIPPLECOUNTERTMR1.ASM   5-3-2018  17:59:47         PAGE 13


SYMBOL TABLE
  LABEL                             VALUE 

_IESO_ON                          00003FFF
_INTOSC                           00003FFD
_INTOSCIO                         00003FFC
_INTRC_OSC_CLKOUT                 00003FFD
_INTRC_OSC_NOCLKOUT               00003FFC
_LP_OSC                           00003FF8
_MCLRE_OFF                        00003FDF
_MCLRE_ON                         00003FFF
_PWRTE_OFF                        00003FFF
_PWRTE_ON                         00003FEF
_WDT_OFF                          00003FF7
_WDT_ON                           00003FFF
_XT_OSC                           00003FF9
__16F690                          00000001
__DEBUG                           1
again                             0000002E
count                             00000023
main                              0000001B
pclath_temp                       0000007F
setinel                           00000024
skip1                             00000011
skip2                             00000036
status_temp                       0000007E
w_temp                            0000007D


MEMORY USAGE MAP ('X' = Used,  '-' = Unused)

0000 : X---XXXXXXXXXXXX XXXXXXXXXXXXXXXX XXXXXXXXXXXXXXXX XXXXXXX---------
2000 : -------X-------- ---------------- ---------------- ----------------
2100 : XXXX------------ ---------------- ---------------- ----------------

All other memory blocks unused.

Program Memory Words Used:    52
Program Memory Words Free:  4044


Errors   :     0
Warnings :     1 reported,     0 suppressed
Messages :     5 reported,     0 suppressed

